#-----------------------------------------------------------
# Vivado v2021.1 (64-bit)
# SW Build 3247384 on Thu Jun 10 19:36:33 MDT 2021
# IP Build 3246043 on Fri Jun 11 00:30:35 MDT 2021
# Start of session at: Thu Apr  6 19:20:03 2023
# Process ID: 17432
# Current directory: D:/code/project_9
# Command line: vivado.exe -gui_launcher_event rodinguilauncherevent16448 D:\code\project_9\project_9.xpr
# Log file: D:/code/project_9/vivado.log
# Journal file: D:/code/project_9\vivado.jou
#-----------------------------------------------------------
start_gui
open_project D:/code/project_9/project_9.xpr
CRITICAL WARNING: [Project 1-19] Could not find the file 'D:/code/project_9/project_9.srcs/sources_1/imports/new/cpu_control_unit-v0.v'.
Scanning sources...
Finished scanning sources
INFO: [IP_Flow 19-234] Refreshing IP repositories
INFO: [IP_Flow 19-1704] No user IP repositories specified
INFO: [IP_Flow 19-2313] Loaded Vivado IP repository 'D:/Xilinx/Vivado/2021.1/data/ip'.
open_project: Time (s): cpu = 00:00:06 ; elapsed = 00:00:08 . Memory (MB): peak = 1103.035 ; gain = 0.000
update_compile_order -fileset sources_1
export_ip_user_files -of_objects  [get_files D:/code/project_9/project_9.srcs/sources_1/imports/new/FSMLOAD_1.v] -no_script -reset -force -quiet
remove_files  D:/code/project_9/project_9.srcs/sources_1/imports/new/FSMLOAD_1.v
export_ip_user_files -of_objects  [get_files D:/code/project_9/project_9.srcs/sources_1/imports/new/cpu_control_unit-v0.v] -no_script -reset -force -quiet
remove_files  D:/code/project_9/project_9.srcs/sources_1/imports/new/cpu_control_unit-v0.v
WARNING: [filemgmt 20-1445] Cannot import file 'D:/code/project_9/project_9.srcs/sources_1/imports/new/IO/SCAN_v2.v' on top of itself. Importing a file from the imported source directory can cause this problem.
WARNING: [filemgmt 20-1445] Cannot import file 'D:/code/project_9/project_9.srcs/sources_1/imports/new/cpu_control_unit_v1.v' on top of itself. Importing a file from the imported source directory can cause this problem.
WARNING: [filemgmt 20-1445] Cannot import file 'D:/code/project_9/project_9.srcs/sources_1/imports/new/FSMLOAD_v1.v' on top of itself. Importing a file from the imported source directory can cause this problem.
WARNING: [filemgmt 20-1445] Cannot import file 'D:/code/project_9/project_9.srcs/sources_1/imports/new/Serial_Debug_Unit_v6.v' on top of itself. Importing a file from the imported source directory can cause this problem.
add_files -norecurse -scan_for_includes {D:/code/project_9/project_9.srcs/sources_1/imports/new/Serial_Debug_Unit_v6.v D:/code/project_9/project_9.srcs/sources_1/imports/new/FSMLOAD_v1.v D:/code/project_9/project_9.srcs/sources_1/imports/new/cpu_control_unit_v1.v D:/code/project_9/project_9.srcs/sources_1/imports/new/IO/SCAN_v2.v}
update_compile_order -fileset sources_1
reset_run synth_1
WARNING: [Vivado 12-1017] Problems encountered:
1. Failed to delete one or more files in run directory D:/code/project_9/project_9.runs/synth_1

launch_runs impl_1 -to_step write_bitstream -jobs 8
INFO: [Vivado 12-4149] The synthesis checkpoint for IP 'D:/code/project_9/project_9.srcs/sources_1/ip/dist_mem_gen_1/dist_mem_gen_1.xci' is already up-to-date
INFO: [Vivado 12-4149] The synthesis checkpoint for IP 'D:/code/project_9/project_9.srcs/sources_1/ip/dist_mem_gen_0/dist_mem_gen_0.xci' is already up-to-date
[Thu Apr  6 19:24:28 2023] Launched synth_1...
Run output will be captured here: D:/code/project_9/project_9.runs/synth_1/runme.log
[Thu Apr  6 19:24:28 2023] Launched impl_1...
Run output will be captured here: D:/code/project_9/project_9.runs/impl_1/runme.log
open_hw_manager
connect_hw_server -allow_non_jtag
INFO: [Labtools 27-2285] Connecting to hw_server url TCP:localhost:3121
INFO: [Labtools 27-2222] Launching hw_server...
INFO: [Labtools 27-2221] Launch Output:

****** Xilinx hw_server v2021.1
  **** Build date : Jun 10 2021 at 20:17:23
    ** Copyright 1986-2021 Xilinx, Inc. All Rights Reserved.


INFO: [Labtools 27-3415] Connecting to cs_server url TCP:localhost:3042
INFO: [Labtools 27-3417] Launching cs_server...
INFO: [Labtools 27-2221] Launch Output:


******** Xilinx cs_server v2021.1
  ****** Build date   : May 27 2021-01:32:33
    **** Build number : 2021.1.1622050353
      ** Copyright 2017-2023 Xilinx, Inc. All Rights Reserved.



connect_hw_server: Time (s): cpu = 00:00:00 ; elapsed = 00:00:11 . Memory (MB): peak = 1103.035 ; gain = 0.000
open_hw_target
INFO: [Labtoolstcl 44-466] Opening hw_target localhost:3121/xilinx_tcf/Digilent/210292ABF45DA
open_hw_target: Time (s): cpu = 00:00:06 ; elapsed = 00:00:07 . Memory (MB): peak = 2759.527 ; gain = 1656.492
set_property PROGRAM.FILE {D:/code/project_9/project_9.runs/impl_1/main.bit} [get_hw_devices xc7a100t_0]
current_hw_device [get_hw_devices xc7a100t_0]
refresh_hw_device -update_hw_probes false [lindex [get_hw_devices xc7a100t_0] 0]
INFO: [Labtools 27-1434] Device xc7a100t (JTAG device index = 0) is programmed with a design that has no supported debug core(s) in it.
set_property PROBES.FILE {} [get_hw_devices xc7a100t_0]
set_property FULL_PROBES.FILE {} [get_hw_devices xc7a100t_0]
set_property PROGRAM.FILE {D:/code/project_9/project_9.runs/impl_1/main.bit} [get_hw_devices xc7a100t_0]
program_hw_devices [get_hw_devices xc7a100t_0]
INFO: [Labtools 27-3164] End of startup status: HIGH
refresh_hw_device [lindex [get_hw_devices xc7a100t_0] 0]
INFO: [Labtools 27-1434] Device xc7a100t (JTAG device index = 0) is programmed with a design that has no supported debug core(s) in it.
reset_run synth_1
WARNING: [Vivado 12-1017] Problems encountered:
1. Failed to delete one or more files in run directory D:/code/project_9/project_9.runs/synth_1

launch_runs impl_1 -to_step write_bitstream -jobs 8
INFO: [Vivado 12-4149] The synthesis checkpoint for IP 'D:/code/project_9/project_9.srcs/sources_1/ip/dist_mem_gen_1/dist_mem_gen_1.xci' is already up-to-date
INFO: [Vivado 12-4149] The synthesis checkpoint for IP 'D:/code/project_9/project_9.srcs/sources_1/ip/dist_mem_gen_0/dist_mem_gen_0.xci' is already up-to-date
[Thu Apr  6 19:59:31 2023] Launched synth_1...
Run output will be captured here: D:/code/project_9/project_9.runs/synth_1/runme.log
[Thu Apr  6 19:59:31 2023] Launched impl_1...
Run output will be captured here: D:/code/project_9/project_9.runs/impl_1/runme.log
reset_run synth_1
WARNING: [Vivado 12-1017] Problems encountered:
1. Failed to delete one or more files in run directory D:/code/project_9/project_9.runs/synth_1

launch_runs impl_1 -to_step write_bitstream -jobs 8
INFO: [Vivado 12-4149] The synthesis checkpoint for IP 'D:/code/project_9/project_9.srcs/sources_1/ip/dist_mem_gen_1/dist_mem_gen_1.xci' is already up-to-date
INFO: [Vivado 12-4149] The synthesis checkpoint for IP 'D:/code/project_9/project_9.srcs/sources_1/ip/dist_mem_gen_0/dist_mem_gen_0.xci' is already up-to-date
[Thu Apr  6 20:11:20 2023] Launched synth_1...
Run output will be captured here: D:/code/project_9/project_9.runs/synth_1/runme.log
[Thu Apr  6 20:11:20 2023] Launched impl_1...
Run output will be captured here: D:/code/project_9/project_9.runs/impl_1/runme.log
reset_run synth_1
WARNING: [Vivado 12-1017] Problems encountered:
1. Failed to delete one or more files in run directory D:/code/project_9/project_9.runs/synth_1

launch_runs impl_1 -to_step write_bitstream -jobs 8
INFO: [Vivado 12-4149] The synthesis checkpoint for IP 'D:/code/project_9/project_9.srcs/sources_1/ip/dist_mem_gen_1/dist_mem_gen_1.xci' is already up-to-date
INFO: [Vivado 12-4149] The synthesis checkpoint for IP 'D:/code/project_9/project_9.srcs/sources_1/ip/dist_mem_gen_0/dist_mem_gen_0.xci' is already up-to-date
[Thu Apr  6 20:12:50 2023] Launched synth_1...
Run output will be captured here: D:/code/project_9/project_9.runs/synth_1/runme.log
[Thu Apr  6 20:12:50 2023] Launched impl_1...
Run output will be captured here: D:/code/project_9/project_9.runs/impl_1/runme.log
set_property PROBES.FILE {} [get_hw_devices xc7a100t_0]
set_property FULL_PROBES.FILE {} [get_hw_devices xc7a100t_0]
set_property PROGRAM.FILE {D:/code/project_9/project_9.runs/impl_1/main.bit} [get_hw_devices xc7a100t_0]
program_hw_devices [get_hw_devices xc7a100t_0]
INFO: [Labtools 27-3164] End of startup status: HIGH
refresh_hw_device [lindex [get_hw_devices xc7a100t_0] 0]
INFO: [Labtools 27-1434] Device xc7a100t (JTAG device index = 0) is programmed with a design that has no supported debug core(s) in it.
reset_run synth_1
WARNING: [Vivado 12-1017] Problems encountered:
1. Failed to delete one or more files in run directory D:/code/project_9/project_9.runs/synth_1

launch_runs impl_1 -to_step write_bitstream -jobs 8
INFO: [Vivado 12-4149] The synthesis checkpoint for IP 'D:/code/project_9/project_9.srcs/sources_1/ip/dist_mem_gen_1/dist_mem_gen_1.xci' is already up-to-date
INFO: [Vivado 12-4149] The synthesis checkpoint for IP 'D:/code/project_9/project_9.srcs/sources_1/ip/dist_mem_gen_0/dist_mem_gen_0.xci' is already up-to-date
[Thu Apr  6 20:22:34 2023] Launched synth_1...
Run output will be captured here: D:/code/project_9/project_9.runs/synth_1/runme.log
[Thu Apr  6 20:22:34 2023] Launched impl_1...
Run output will be captured here: D:/code/project_9/project_9.runs/impl_1/runme.log
set_property PROBES.FILE {} [get_hw_devices xc7a100t_0]
set_property FULL_PROBES.FILE {} [get_hw_devices xc7a100t_0]
set_property PROGRAM.FILE {D:/code/project_9/project_9.runs/impl_1/main.bit} [get_hw_devices xc7a100t_0]
program_hw_devices [get_hw_devices xc7a100t_0]
INFO: [Labtools 27-3164] End of startup status: HIGH
refresh_hw_device [lindex [get_hw_devices xc7a100t_0] 0]
INFO: [Labtools 27-1434] Device xc7a100t (JTAG device index = 0) is programmed with a design that has no supported debug core(s) in it.
reset_run synth_1
WARNING: [Vivado 12-1017] Problems encountered:
1. Failed to delete one or more files in run directory D:/code/project_9/project_9.runs/synth_1

launch_runs impl_1 -to_step write_bitstream -jobs 8
INFO: [Vivado 12-4149] The synthesis checkpoint for IP 'D:/code/project_9/project_9.srcs/sources_1/ip/dist_mem_gen_1/dist_mem_gen_1.xci' is already up-to-date
INFO: [Vivado 12-4149] The synthesis checkpoint for IP 'D:/code/project_9/project_9.srcs/sources_1/ip/dist_mem_gen_0/dist_mem_gen_0.xci' is already up-to-date
[Thu Apr  6 20:28:15 2023] Launched synth_1...
Run output will be captured here: D:/code/project_9/project_9.runs/synth_1/runme.log
[Thu Apr  6 20:28:15 2023] Launched impl_1...
Run output will be captured here: D:/code/project_9/project_9.runs/impl_1/runme.log
reset_run impl_1
reset_run synth_1
WARNING: [Vivado 12-1017] Problems encountered:
1. Failed to delete one or more files in run directory D:/code/project_9/project_9.runs/synth_1

launch_runs impl_1 -to_step write_bitstream -jobs 8
INFO: [Vivado 12-4149] The synthesis checkpoint for IP 'D:/code/project_9/project_9.srcs/sources_1/ip/dist_mem_gen_1/dist_mem_gen_1.xci' is already up-to-date
INFO: [Vivado 12-4149] The synthesis checkpoint for IP 'D:/code/project_9/project_9.srcs/sources_1/ip/dist_mem_gen_0/dist_mem_gen_0.xci' is already up-to-date
[Thu Apr  6 20:31:59 2023] Launched synth_1...
Run output will be captured here: D:/code/project_9/project_9.runs/synth_1/runme.log
[Thu Apr  6 20:31:59 2023] Launched impl_1...
Run output will be captured here: D:/code/project_9/project_9.runs/impl_1/runme.log
set_property PROBES.FILE {} [get_hw_devices xc7a100t_0]
set_property FULL_PROBES.FILE {} [get_hw_devices xc7a100t_0]
set_property PROGRAM.FILE {D:/code/project_9/project_9.runs/impl_1/main.bit} [get_hw_devices xc7a100t_0]
program_hw_devices [get_hw_devices xc7a100t_0]
INFO: [Labtools 27-3164] End of startup status: HIGH
refresh_hw_device [lindex [get_hw_devices xc7a100t_0] 0]
INFO: [Labtools 27-1434] Device xc7a100t (JTAG device index = 0) is programmed with a design that has no supported debug core(s) in it.
ERROR: [Labtoolstcl 44-513] HW Target shutdown. Closing target: localhost:3121/xilinx_tcf/Digilent/210292ABF45DA
exit
INFO: [Common 17-206] Exiting Vivado at Thu Apr  6 20:48:04 2023...
